14
11
11
17
11
10
11
10
19
14
18
12
7
10
11
12
28
14
9
19
10
16
13
12
7
19
6
13
6
12
16
14
16
16
8
25
12
10
30
13
18
7
10
18
6
10
14
13
12
10
15
19
11
27
29
14
21
15
23
21
11
12
17
17
16
10
19
18
12
11
22
8
11
19
14
16
29
11
14
8
8
8
8
7
14
12
11
19
18
8
13
28
23
12
8
17
10
11
21
16
20
23
10
7
22
12
12
17
10
15
7
14
26
14
21
17
17
21
12
28
21
24
8
12
7
14
15
12
10
6
13
7
25
7
10
9
17
7
16
12
18
11
17
14
10
24
11
5
14
15
17
13
12
10
13
11
15
10
22
14
15
15
23
13
14
16
12
10
14
6
9
6
19
11
16
20
10
16
11
11
14
16
18
19
16
5
6
25
10
12
6
8
23
24
25
14
23
21
15
21
6
10
16
10
15
5
29
16
6
6
11
13
6
16
9
14
23
11
16
7
21
15
17
33
12
9
12
13
17
12
9
6
23
8
13
24
33
7
6
11
18
17
14
6
6
11
9
12
11
13
7
8
20
14
15
17
19
9
12
11
11
13
15
12
11
7
15
14
11
12
16
3
6
13
10
15
10
19
29
15
11
18
9
20
14
17
17
8
15
11
15
14
14
21
17
18
17
13
12
10
8
16
10
3
12
10
15
12
8
7
15
24
13
15
10
8
20
11
7
14
8
6
11
17
10
18
16
17
14
14
16
14
12
10
10
9
16
13
10
16
11
12
10
15
13
29
30
9
28
10
11
11
11
12
12
10
12
18
14
12
6
18
22
15
25
6
19
21
10
12
8
9
12
29
8
16
9
22
16
12
11
13
15
20
14
10
19
14
18
12
18
14
16
8
7
18
14
6
16
15
17
14
25
21
15
14
14
12
16
19
23
15
15
14
17
7
20
8
6
12
19
11
16
14
7
19
21
11
8
16
13
14
12
9
10
16
10
17
20
7
26
12
16
7
14
22
9
14
14
10
10
10
18
11
9
8
11
17
16
14
13
15
15
25
5
11
11
9
11
17
17
19
10
14
13
25
11
12
18
22
14
11
14
16
20
10
8
10
18
13
20
13
14
19
14
8
13
26
19
7
