18
22
21
16
24
13
14
15
15
16
16
10
18
5
15
12
15
12
18
12
10
8
24
15
11
15
16
8
19
12
18
22
18
17
17
9
18
20
26
15
18
8
24
10
6
14
9
14
12
8
17
32
16
10
30
7
27
33
14
21
17
10
23
14
31
21
21
18
26
17
11
8
14
14
24
11
22
24
18
12
16
10
16
9
16
11
15
6
13
8
13
12
5
14
19
14
26
15
24
14
20
13
22
19
12
10
15
19
20
22
8
23
15
11
9
8
23
25
4
20
11
18
22
9
16
11
8
18
19
10
11
19
13
11
11
15
22
6
19
10
6
18
14
18
11
5
18
16
10
15
8
16
13
9
16
9
16
19
18
36
22
10
19
16
14
15
9
17
21
13
9
15
10
12
15
15
8
12
17
11
11
12
19
22
10
12
23
14
24
14
25
13
28
16
17
22
24
10
20
7
23
16
6
22
31
18
11
24
8
16
20
9
24
14
11
24
10
13
30
25
19
20
14
13
13
13
19
17
15
18
16
12
19
15
10
19
20
14
24
19
15
13
21
12
17
18
23
19
6
21
30
23
16
20
17
22
16
14
30
12
10
14
10
24
36
22
10
17
26
14
14
17
25
24
13
32
17
24
10
23
11
13
9
8
13
22
13
16
16
9
8
11
16
5
23
13
37
12
14
12
9
26
17
14
38
17
20
20
21
31
25
15
10
10
15
27
17
24
22
21
25
21
15
14
16
12
13
30
18
23
8
23
18
9
14
17
18
15
11
13
19
26
17
13
16
11
8
13
17
8
16
10
9
18
16
12
17
20
10
23
11
21
22
14
26
40
16
16
9
19
12
15
14
10
16
15
13
17
28
10
9
18
21
15
14
19
14
15
24
18
17
6
20
23
11
14
13
14
7
31
11
8
19
11
9
18
13
14
15
9
24
16
13
24
16
21
7
15
12
28
15
13
9
7
21
12
12
13
18
14
16
13
24
20
18
17
18
27
13
19
23
16
11
8
11
13
16
6
9
24
14
26
13
16
19
17
5
9
12
19
25
13
13
31
17
15
15
23
14
12
11
16
7
11
19
19
14
8
6
13
9
18
15
25
13
24
31
13
12
27
6
31
16
13
16
15
17
21
24
17
